[debug] [2022-06-15T09:54:33.747Z] ----------------------------------------------------------------------
[debug] [2022-06-15T09:54:33.752Z] Command:       C:\Program Files\nodejs\node.exe C:\Users\Lord Son\AppData\Roaming\npm\node_modules\firebase-tools\lib\bin\firebase.js init
[debug] [2022-06-15T09:54:33.753Z] CLI Version:   11.1.0
[debug] [2022-06-15T09:54:33.753Z] Platform:      win32
[debug] [2022-06-15T09:54:33.753Z] Node Version:  v16.14.0
[debug] [2022-06-15T09:54:33.755Z] Time:          Wed Jun 15 2022 17:54:33 GMT+0800 (Philippine Standard Time)
[debug] [2022-06-15T09:54:33.755Z] ----------------------------------------------------------------------
[debug] 
[debug] [2022-06-15T09:54:33.772Z] > command requires scopes: ["email","openid","https://www.googleapis.com/auth/cloudplatformprojects.readonly","https://www.googleapis.com/auth/firebase","https://www.googleapis.com/auth/cloud-platform"]
[debug] [2022-06-15T09:54:33.773Z] > authorizing via signed-in user (zanders.lsp@gmail.com)
[info] 
     ######## #### ########  ######## ########     ###     ######  ########
     ##        ##  ##     ## ##       ##     ##  ##   ##  ##       ##
     ######    ##  ########  ######   ########  #########  ######  ######
     ##        ##  ##    ##  ##       ##     ## ##     ##       ## ##
     ##       #### ##     ## ######## ########  ##     ##  ######  ########

You're about to initialize a Firebase project in this directory:

  C:\Users\Lord Son\Documents\Projects\ZPortal

[info] 
=== Project Setup
[info] 
[info] First, let's associate this project directory with a Firebase project.
[info] You can create multiple project aliases by running firebase use --add, 
[info] but for now we'll just set up a default project.
[info] 
[debug] [2022-06-15T09:55:52.396Z] >>> [apiv2][query] GET https://firebase.googleapis.com/v1beta1/projects pageSize=100
[debug] [2022-06-15T09:55:53.174Z] <<< [apiv2][status] GET https://firebase.googleapis.com/v1beta1/projects 200
[debug] [2022-06-15T09:55:53.175Z] <<< [apiv2][body] GET https://firebase.googleapis.com/v1beta1/projects [omitted]
[info] i  Using project zportal-061522 (zportal) 
[info] 
=== Hosting Setup
[info] 
[info] Your public directory is the folder (relative to your project directory) that
[info] will contain Hosting assets to be uploaded with firebase deploy. If you
[info] have a build process for your assets, use your build's output directory.
[info] 
[info] +  Wrote public/404.html 
[debug] [2022-06-15T09:56:44.582Z] >>> [apiv2][query] GET https://www.gstatic.com/firebasejs/releases.json [none]
[debug] [2022-06-15T09:56:44.835Z] <<< [apiv2][status] GET https://www.gstatic.com/firebasejs/releases.json 200
[debug] [2022-06-15T09:56:44.835Z] <<< [apiv2][body] GET https://www.gstatic.com/firebasejs/releases.json {"current":{"version":"9.8.3","browserURL":"https://www.gstatic.com/firebasejs/9.8.3/firebase.js","packageURL":"https://www.gstatic.com/firebasejs/9.8.3/firebase.tgz"},"live":{"version":"9.8","browserURL":"https://www.gstatic.com/firebasejs/live/9.8/firebase.js","packageURL":"https://www.gstatic.com/firebasejs/live/9.8/firebase.tgz"},"components":{"analytics":"https://www.gstatic.com/firebasejs/9.8.3/firebase-analytics.js","app":"https://www.gstatic.com/firebasejs/9.8.3/firebase-app.js","app-check":"https://www.gstatic.com/firebasejs/9.8.3/firebase-app-check.js","auth":"https://www.gstatic.com/firebasejs/9.8.3/firebase-auth.js","auth/cordova":"https://www.gstatic.com/firebasejs/9.8.3/firebase-auth/cordova.js","auth/react-native":"https://www.gstatic.com/firebasejs/9.8.3/firebase-auth/react-native.js","functions":"https://www.gstatic.com/firebasejs/9.8.3/firebase-functions.js","firestore":"https://www.gstatic.com/firebasejs/9.8.3/firebase-firestore.js","firestore/lite":"https://www.gstatic.com/firebasejs/9.8.3/firebase-firestore/lite.js","storage":"https://www.gstatic.com/firebasejs/9.8.3/firebase-storage.js","performance":"https://www.gstatic.com/firebasejs/9.8.3/firebase-performance.js","remote-config":"https://www.gstatic.com/firebasejs/9.8.3/firebase-remote-config.js","messaging":"https://www.gstatic.com/firebasejs/9.8.3/firebase-messaging.js","messaging/sw":"https://www.gstatic.com/firebasejs/9.8.3/firebase-messaging/sw.js","database":"https://www.gstatic.com/firebasejs/9.8.3/firebase-database.js","firestore.memory":"https://www.gstatic.com/firebasejs/9.8.3/firebase-firestore.memory.js"}}
[info] i  Skipping write of public/index.html 
[info] 
[info] i  Didn't detect a .git folder. Assuming C:\Users\Lord Son\Documents\Projects\ZPortal is the project root. 
[info] i  Authorizing with GitHub to upload your service account to a GitHub repository's secrets store. 
[info] 
[info] Visit this URL on this device to log in:
[info] https://github.com/login/oauth/authorize?client_id=89cf50f02ac6aaed3484&state=725743657&redirect_uri=http%3A%2F%2Flocalhost%3A9005&scope=read%3Auser%20repo%20public_repo
[info] 
[info] Waiting for authentication...
[debug] [2022-06-15T09:57:35.989Z] >>> [apiv2][query] POST https://github.com/login/oauth/access_token [none]
[debug] [2022-06-15T09:57:35.990Z] >>> [apiv2][body] POST https://github.com/login/oauth/access_token [stream]
[debug] [2022-06-15T09:57:36.598Z] <<< [apiv2][status] POST https://github.com/login/oauth/access_token 200
[debug] [2022-06-15T09:57:36.598Z] <<< [apiv2][body] POST https://github.com/login/oauth/access_token {"access_token":"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","token_type":"bearer","scope":"read:user,repo"}
[debug] [2022-06-15T09:57:36.605Z] >>> [apiv2][query] GET https://api.github.com/user [none]
[debug] [2022-06-15T09:57:37.180Z] <<< [apiv2][status] GET https://api.github.com/user 200
[debug] [2022-06-15T09:57:37.181Z] <<< [apiv2][body] GET https://api.github.com/user {"login":"zan79","id":70457025,"node_id":"MDQ6VXNlcjcwNDU3MDI1","avatar_url":"https://avatars.githubusercontent.com/u/70457025?v=4","gravatar_id":"","url":"https://api.github.com/users/zan79","html_url":"https://github.com/zan79","followers_url":"https://api.github.com/users/zan79/followers","following_url":"https://api.github.com/users/zan79/following{/other_user}","gists_url":"https://api.github.com/users/zan79/gists{/gist_id}","starred_url":"https://api.github.com/users/zan79/starred{/owner}{/repo}","subscriptions_url":"https://api.github.com/users/zan79/subscriptions","organizations_url":"https://api.github.com/users/zan79/orgs","repos_url":"https://api.github.com/users/zan79/repos","events_url":"https://api.github.com/users/zan79/events{/privacy}","received_events_url":"https://api.github.com/users/zan79/received_events","type":"User","site_admin":false,"name":null,"company":"Soncraft","blog":"soncraft.netlify.app","location":null,"email":null,"hireable":null,"bio":null,"twitter_username":null,"public_repos":28,"public_gists":0,"followers":2,"following":2,"created_at":"2020-08-30T01:07:25Z","updated_at":"2022-06-15T09:57:27Z","private_gists":0,"total_private_repos":2,"owned_private_repos":2,"disk_usage":135493,"collaborators":0,"two_factor_authentication":false,"plan":{"name":"free","space":976562499,"collaborators":0,"private_repos":10000}}
[info] 
[info] +  Success! Logged into GitHub as zan79 
[info] 
